This is pdfTeX, Version 3.141592653-2.6-1.40.25 (MiKTeX 23.4 Portable) (preloaded format=pdflatex 2023.8.29)  29 AUG 2023 22:33
entering extended mode
 restricted \write18 enabled.
 %&-line parsing enabled.
**./article_3.tex
(article_3.tex
LaTeX2e <2022-11-01> patch level 1
L3 programming layer <2023-03-30> (SelfArx.cls
Document Class: SelfArx 22/10/2020, v2.2

(C:\Users\besnn\scoop\apps\latex\current\texmfs\install\tex/latex/base\article.
cls
Document Class: article 2022/07/02 v1.4n Standard LaTeX document class

(C:\Users\besnn\scoop\apps\latex\current\texmfs\install\tex/latex/base\fleqn.cl
o
File: fleqn.clo 2016/12/29 v1.2b Standard LaTeX option (flush left equations)
\mathindent=\skip48
Applying: [2015/01/01] Make \[ robust on input line 50.
LaTeX Info: Redefining \[ on input line 51.
Already applied: [0000/00/00] Make \[ robust on input line 62.
Applying: [2015/01/01] Make \] robust on input line 74.
LaTeX Info: Redefining \] on input line 75.
Already applied: [0000/00/00] Make \] robust on input line 83.
)
(C:\Users\besnn\scoop\apps\latex\current\texmfs\install\tex/latex/base\size10.c
lo
File: size10.clo 2022/07/02 v1.4n Standard LaTeX file (size option)
)
\c@part=\count185
\c@section=\count186
\c@subsection=\count187
\c@subsubsection=\count188
\c@paragraph=\count189
\c@subparagraph=\count190
\c@figure=\count191
\c@table=\count192
\abovecaptionskip=\skip49
\belowcaptionskip=\skip50
\bibindent=\dimen140
)
(C:\Users\besnn\scoop\apps\latex\current\texmfs\install\tex/latex/base\ifthen.s
ty
Package: ifthen 2022/04/13 v1.1d Standard LaTeX ifthen package (DPC)
)
(C:\Users\besnn\scoop\apps\latex\current\texmfs\install\tex/latex/tools\calc.st
y
Package: calc 2017/05/25 v4.3 Infix arithmetic (KKT,FJ)
\calc@Acount=\count193
\calc@Bcount=\count194
\calc@Adimen=\dimen141
\calc@Bdimen=\dimen142
\calc@Askip=\skip51
\calc@Bskip=\skip52
LaTeX Info: Redefining \setlength on input line 80.
LaTeX Info: Redefining \addtolength on input line 81.
\calc@Ccount=\count195
\calc@Cskip=\skip53
)
(C:\Users\besnn\scoop\apps\latex\current\texmfs\install\tex/latex/amsmath\amsma
th.sty
Package: amsmath 2022/04/08 v2.17n AMS math features
\@mathmargin=\skip54

For additional information on amsmath, use the `?' option.

(C:\Users\besnn\scoop\apps\latex\current\texmfs\install\tex/latex/amsmath\amste
xt.sty
Package: amstext 2021/08/26 v2.01 AMS text

(C:\Users\besnn\scoop\apps\latex\current\texmfs\install\tex/latex/amsmath\amsge
n.sty
File: amsgen.sty 1999/11/30 v2.0 generic functions
\@emptytoks=\toks16
\ex@=\dimen143
))
(C:\Users\besnn\scoop\apps\latex\current\texmfs\install\tex/latex/amsmath\amsbs
y.sty
Package: amsbsy 1999/11/29 v1.2d Bold Symbols
\pmbraise@=\dimen144
)
(C:\Users\besnn\scoop\apps\latex\current\texmfs\install\tex/latex/amsmath\amsop
n.sty
Package: amsopn 2022/04/08 v2.04 operator names
)
\inf@bad=\count196
LaTeX Info: Redefining \frac on input line 234.
\uproot@=\count197
\leftroot@=\count198
LaTeX Info: Redefining \overline on input line 399.
LaTeX Info: Redefining \colon on input line 410.
\classnum@=\count199
\DOTSCASE@=\count266
LaTeX Info: Redefining \ldots on input line 496.
LaTeX Info: Redefining \dots on input line 499.
LaTeX Info: Redefining \cdots on input line 620.
\Mathstrutbox@=\box51
\strutbox@=\box52
LaTeX Info: Redefining \big on input line 722.
LaTeX Info: Redefining \Big on input line 723.
LaTeX Info: Redefining \bigg on input line 724.
LaTeX Info: Redefining \Bigg on input line 725.
\big@size=\dimen145
LaTeX Font Info:    Redeclaring font encoding OML on input line 743.
LaTeX Font Info:    Redeclaring font encoding OMS on input line 744.
\macc@depth=\count267
LaTeX Info: Redefining \bmod on input line 905.
LaTeX Info: Redefining \pmod on input line 910.
LaTeX Info: Redefining \smash on input line 940.
LaTeX Info: Redefining \relbar on input line 970.
LaTeX Info: Redefining \Relbar on input line 971.
\c@MaxMatrixCols=\count268
\dotsspace@=\muskip16
\c@parentequation=\count269
\dspbrk@lvl=\count270
\tag@help=\toks17
\row@=\count271
\column@=\count272
\maxfields@=\count273
\andhelp@=\toks18
\eqnshift@=\dimen146
\alignsep@=\dimen147
\tagshift@=\dimen148
\tagwidth@=\dimen149
\totwidth@=\dimen150
\lineht@=\dimen151
\@envbody=\toks19
\multlinegap=\skip55
\multlinetaggap=\skip56
\mathdisplay@stack=\toks20
LaTeX Info: Redefining \[ on input line 2953.
LaTeX Info: Redefining \] on input line 2954.
)
(C:\Users\besnn\scoop\apps\latex\current\texmfs\install\tex/latex/amsfonts\amsf
onts.sty
Package: amsfonts 2013/01/14 v3.01 Basic AMSFonts support
\symAMSa=\mathgroup4
\symAMSb=\mathgroup5
LaTeX Font Info:    Redeclaring math symbol \hbar on input line 98.
LaTeX Font Info:    Overwriting math alphabet `\mathfrak' in version `bold'
(Font)                  U/euf/m/n --> U/euf/b/n on input line 106.
)
(C:\Users\besnn\scoop\apps\latex\current\texmfs\install\tex/latex/amsfonts\amss
ymb.sty
Package: amssymb 2013/01/14 v3.01 AMS font symbols
)
(C:\Users\besnn\scoop\apps\latex\current\texmfs\install\tex/latex/graphics\grap
hicx.sty
Package: graphicx 2021/09/16 v1.2d Enhanced LaTeX Graphics (DPC,SPQR)

(C:\Users\besnn\scoop\apps\latex\current\texmfs\install\tex/latex/graphics\keyv
al.sty
Package: keyval 2022/05/29 v1.15 key=value parser (DPC)
\KV@toks@=\toks21
)
(C:\Users\besnn\scoop\apps\latex\current\texmfs\install\tex/latex/graphics\grap
hics.sty
Package: graphics 2022/03/10 v1.4e Standard LaTeX Graphics (DPC,SPQR)

(C:\Users\besnn\scoop\apps\latex\current\texmfs\install\tex/latex/graphics\trig
.sty
Package: trig 2021/08/11 v1.11 sin cos tan (DPC)
)
(C:\Users\besnn\scoop\apps\latex\current\texmfs\install\tex/latex/graphics-cfg\
graphics.cfg
File: graphics.cfg 2016/06/04 v1.11 sample graphics configuration
)
Package graphics Info: Driver file: pdftex.def on input line 107.

(C:\Users\besnn\scoop\apps\latex\current\texmfs\install\tex/latex/graphics-def\
pdftex.def
File: pdftex.def 2022/09/22 v1.2b Graphics/color driver for pdftex
))
\Gin@req@height=\dimen152
\Gin@req@width=\dimen153
)
(C:\Users\besnn\scoop\apps\latex\current\texmfs\install\tex/latex/xcolor\xcolor
.sty
Package: xcolor 2022/06/12 v2.14 LaTeX color extensions (UK)

(C:\Users\besnn\scoop\apps\latex\current\texmfs\install\tex/latex/graphics-cfg\
color.cfg
File: color.cfg 2016/01/02 v1.6 sample color configuration
)
Package xcolor Info: Driver file: pdftex.def on input line 227.

(C:\Users\besnn\scoop\apps\latex\current\texmfs\install\tex/latex/graphics\math
color.ltx)
Package xcolor Info: Model `cmy' substituted by `cmy0' on input line 1353.
Package xcolor Info: Model `hsb' substituted by `rgb' on input line 1357.
Package xcolor Info: Model `RGB' extended on input line 1369.
Package xcolor Info: Model `HTML' substituted by `rgb' on input line 1371.
Package xcolor Info: Model `Hsb' substituted by `hsb' on input line 1372.
Package xcolor Info: Model `tHsb' substituted by `hsb' on input line 1373.
Package xcolor Info: Model `HSB' substituted by `hsb' on input line 1374.
Package xcolor Info: Model `Gray' substituted by `gray' on input line 1375.
Package xcolor Info: Model `wave' substituted by `hsb' on input line 1376.
)
(C:\Users\besnn\scoop\apps\latex\current\texmfs\install\tex/latex/booktabs\book
tabs.sty
Package: booktabs 2020/01/12 v1.61803398 Publication quality tables
\heavyrulewidth=\dimen154
\lightrulewidth=\dimen155
\cmidrulewidth=\dimen156
\belowrulesep=\dimen157
\belowbottomsep=\dimen158
\aboverulesep=\dimen159
\abovetopsep=\dimen160
\cmidrulesep=\dimen161
\cmidrulekern=\dimen162
\defaultaddspace=\dimen163
\@cmidla=\count274
\@cmidlb=\count275
\@aboverulesep=\dimen164
\@belowrulesep=\dimen165
\@thisruleclass=\count276
\@lastruleclass=\count277
\@thisrulewidth=\dimen166
)
(C:\Users\besnn\scoop\apps\latex\current\texmfs\install\tex/latex/lastpage\last
page.sty
Package: lastpage 2023/07/24 v2.0c lastpage: 2.09 or 2e? (HMM)

(C:\Users\besnn\scoop\apps\latex\current\texmfs\install\tex/latex/lastpage\last
page2e.sty
Package: lastpage2e 2023/07/24 v2.0c Decide which 2e lastpage version to use (H
MM)

(C:\Users\besnn\scoop\apps\latex\current\texmfs\install\tex/latex/lastpage\last
pagemodern.sty
Package: lastpagemodern 2023-07-24 v2.0c Refers to last page's name (HMM; JPG)
) 
))
(C:\Users\besnn\scoop\apps\latex\current\texmfs\install\tex/latex/base\inputenc
.sty
Package: inputenc 2021/02/14 v1.3d Input encoding file
\inpenc@prehook=\toks22
\inpenc@posthook=\toks23
)
(C:\Users\besnn\scoop\apps\latex\current\texmfs\install\tex/latex/psnfss\times.
sty
Package: times 2020/03/25 PSNFSS-v9.3 (SPQR) 
)
(C:\Users\besnn\scoop\apps\latex\current\texmfs\install\tex/latex/psnfss\mathpt
mx.sty
Package: mathptmx 2020/03/25 PSNFSS-v9.3 Times w/ Math, improved (SPQR, WaS) 
LaTeX Font Info:    Redeclaring symbol font `operators' on input line 28.
LaTeX Font Info:    Overwriting symbol font `operators' in version `normal'
(Font)                  OT1/cmr/m/n --> OT1/ztmcm/m/n on input line 28.
LaTeX Font Info:    Overwriting symbol font `operators' in version `bold'
(Font)                  OT1/cmr/bx/n --> OT1/ztmcm/m/n on input line 28.
LaTeX Font Info:    Redeclaring symbol font `letters' on input line 29.
LaTeX Font Info:    Overwriting symbol font `letters' in version `normal'
(Font)                  OML/cmm/m/it --> OML/ztmcm/m/it on input line 29.
LaTeX Font Info:    Overwriting symbol font `letters' in version `bold'
(Font)                  OML/cmm/b/it --> OML/ztmcm/m/it on input line 29.
LaTeX Font Info:    Redeclaring symbol font `symbols' on input line 30.
LaTeX Font Info:    Overwriting symbol font `symbols' in version `normal'
(Font)                  OMS/cmsy/m/n --> OMS/ztmcm/m/n on input line 30.
LaTeX Font Info:    Overwriting symbol font `symbols' in version `bold'
(Font)                  OMS/cmsy/b/n --> OMS/ztmcm/m/n on input line 30.
LaTeX Font Info:    Redeclaring symbol font `largesymbols' on input line 31.
LaTeX Font Info:    Overwriting symbol font `largesymbols' in version `normal'
(Font)                  OMX/cmex/m/n --> OMX/ztmcm/m/n on input line 31.
LaTeX Font Info:    Overwriting symbol font `largesymbols' in version `bold'
(Font)                  OMX/cmex/m/n --> OMX/ztmcm/m/n on input line 31.
\symbold=\mathgroup6
\symitalic=\mathgroup7
LaTeX Font Info:    Redeclaring math alphabet \mathbf on input line 34.
LaTeX Font Info:    Overwriting math alphabet `\mathbf' in version `normal'
(Font)                  OT1/cmr/bx/n --> OT1/ptm/bx/n on input line 34.
LaTeX Font Info:    Overwriting math alphabet `\mathbf' in version `bold'
(Font)                  OT1/cmr/bx/n --> OT1/ptm/bx/n on input line 34.
LaTeX Font Info:    Redeclaring math alphabet \mathit on input line 35.
LaTeX Font Info:    Overwriting math alphabet `\mathit' in version `normal'
(Font)                  OT1/cmr/m/it --> OT1/ptm/m/it on input line 35.
LaTeX Font Info:    Overwriting math alphabet `\mathit' in version `bold'
(Font)                  OT1/cmr/bx/it --> OT1/ptm/m/it on input line 35.
LaTeX Info: Redefining \hbar on input line 50.
)
(C:\Users\besnn\scoop\apps\latex\current\texmfs\install\tex/latex/geometry\geom
etry.sty
Package: geometry 2020/01/02 v5.9 Page Geometry

(C:\Users\besnn\scoop\apps\latex\current\texmfs\install\tex/generic/iftex\ifvte
x.sty
Package: ifvtex 2019/10/25 v1.7 ifvtex legacy package. Use iftex instead.

(C:\Users\besnn\scoop\apps\latex\current\texmfs\install\tex/generic/iftex\iftex
.sty
Package: iftex 2022/02/03 v1.0f TeX engine tests
))
\Gm@cnth=\count278
\Gm@cntv=\count279
\c@Gm@tempcnt=\count280
\Gm@bindingoffset=\dimen167
\Gm@wd@mp=\dimen168
\Gm@odd@mp=\dimen169
\Gm@even@mp=\dimen170
\Gm@layoutwidth=\dimen171
\Gm@layoutheight=\dimen172
\Gm@layouthoffset=\dimen173
\Gm@layoutvoffset=\dimen174
\Gm@dimlist=\toks24

(C:\Users\besnn\scoop\apps\latex\current\texmfs\install\tex/latex/geometry\geom
etry.cfg))
(C:\Users\besnn\scoop\apps\latex\current\texmfs\install\tex/latex/caption\capti
on.sty
Package: caption 2023/07/31 v3.6n Customizing captions (AR)

(C:\Users\besnn\scoop\apps\latex\current\texmfs\install\tex/latex/caption\capti
on3.sty
Package: caption3 2023/07/31 v2.4d caption3 kernel (AR)
\caption@tempdima=\dimen175
\captionmargin=\dimen176
\caption@leftmargin=\dimen177
\caption@rightmargin=\dimen178
\caption@width=\dimen179
\caption@indent=\dimen180
\caption@parindent=\dimen181
\caption@hangindent=\dimen182
Package caption Info: Standard document class detected.
)
\c@caption@flags=\count281
\c@continuedfloat=\count282
)
(C:\Users\besnn\scoop\apps\latex\current\texmfs\install\tex/latex/fancyhdr\fanc
yhdr.sty
Package: fancyhdr 2022/11/09 v4.1 Extensive control of page headers and footers

\f@nch@headwidth=\skip57
\f@nch@O@elh=\skip58
\f@nch@O@erh=\skip59
\f@nch@O@olh=\skip60
\f@nch@O@orh=\skip61
\f@nch@O@elf=\skip62
\f@nch@O@erf=\skip63
\f@nch@O@olf=\skip64
\f@nch@O@orf=\skip65
)
(C:\Users\besnn\scoop\apps\latex\current\texmfs\install\tex/latex/titlesec\titl
esec.sty
Package: titlesec 2021/07/05 v2.14 Sectioning titles
\ttl@box=\box53
\beforetitleunit=\skip66
\aftertitleunit=\skip67
\ttl@plus=\dimen183
\ttl@minus=\dimen184
\ttl@toksa=\toks25
\titlewidth=\dimen185
\titlewidthlast=\dimen186
\titlewidthfirst=\dimen187
)
\tocsep=\skip68

(C:\Users\besnn\scoop\apps\latex\current\texmfs\install\tex/latex/titlesec\titl
etoc.sty
Package: titletoc 2021/07/05 v2.14 TOC entries
\ttl@leftsep=\dimen188
)
\@authcnt=\count283
\@tmpcnt=\count284

(C:\Users\besnn\scoop\apps\latex\current\texmfs\install\tex/latex/enumitem\enum
item.sty
Package: enumitem 2019/06/20 v3.9 Customized lists
\labelindent=\skip69
\enit@outerparindent=\dimen189
\enit@toks=\toks26
\enit@inbox=\box54
\enit@count@id=\count285
\enitdp@description=\count286
))
(C:\Users\besnn\scoop\apps\latex\current\texmfs\install\tex/latex/microtype\mic
rotype.sty
Package: microtype 2023/03/13 v3.1a Micro-typographical refinements (RS)

(C:\Users\besnn\scoop\apps\latex\current\texmfs\install\tex/latex/etoolbox\etoo
lbox.sty
Package: etoolbox 2020/10/05 v2.5k e-TeX tools for LaTeX (JAW)
\etb@tempcnta=\count287
)
\MT@toks=\toks27
\MT@tempbox=\box55
\MT@count=\count288
LaTeX Info: Redefining \noprotrusionifhmode on input line 1059.
LaTeX Info: Redefining \leftprotrusion on input line 1060.
\MT@prot@toks=\toks28
LaTeX Info: Redefining \rightprotrusion on input line 1078.
LaTeX Info: Redefining \textls on input line 1368.
\MT@outer@kern=\dimen190
LaTeX Info: Redefining \textmicrotypecontext on input line 1988.
\MT@listname@count=\count289

(C:\Users\besnn\scoop\apps\latex\current\texmfs\install\tex/latex/microtype\mic
rotype-pdftex.def
File: microtype-pdftex.def 2023/03/13 v3.1a Definitions specific to pdftex (RS)

LaTeX Info: Redefining \lsstyle on input line 902.
LaTeX Info: Redefining \lslig on input line 902.
\MT@outer@space=\skip70
)
Package microtype Info: Loading configuration file microtype.cfg.

(C:\Users\besnn\scoop\apps\latex\current\texmfs\install\tex/latex/microtype\mic
rotype.cfg
File: microtype.cfg 2023/03/13 v3.1a microtype main configuration file (RS)
))
(C:\Users\besnn\scoop\apps\latex\current\texmfs\install\tex/latex/listings\list
ings.sty
\lst@mode=\count290
\lst@gtempboxa=\box56
\lst@token=\toks29
\lst@length=\count291
\lst@currlwidth=\dimen191
\lst@column=\count292
\lst@pos=\count293
\lst@lostspace=\dimen192
\lst@width=\dimen193
\lst@newlines=\count294
\lst@lineno=\count295
\lst@maxwidth=\dimen194

(C:\Users\besnn\scoop\apps\latex\current\texmfs\install\tex/latex/listings\lstm
isc.sty
File: lstmisc.sty 2023/02/27 1.9 (Carsten Heinz)
\c@lstnumber=\count296
\lst@skipnumbers=\count297
\lst@framebox=\box57
)
(C:\Users\besnn\scoop\apps\latex\current\texmfs\install\tex/latex/listings\list
ings.cfg
File: listings.cfg 2023/02/27 1.9 listings configuration
))
Package: listings 2023/02/27 1.9 (Carsten Heinz)

(C:\Users\besnn\scoop\apps\latex\current\texmfs\install\tex/generic/babel\babel
.sty
Package: babel 2023/03/28 3.87 The Babel package
\babel@savecnt=\count298
\U@D=\dimen195
\l@unhyphenated=\language79

(C:\Users\besnn\scoop\apps\latex\current\texmfs\install\tex/generic/babel\txtba
bel.def)
\bbl@readstream=\read2
\bbl@dirlevel=\count299

*************************************
* Local config file bblopts.cfg used
*

(C:\Users\besnn\scoop\apps\latex\current\texmfs\install\tex/latex/arabi\bblopts
.cfg
File: bblopts.cfg 2005/09/08 v0.1 add Arabic and Farsi to "declared" options of
 babel
)
(C:\Users\besnn\scoop\apps\latex\current\texmfs\install\tex/latex/babel-english
\english.ldf
Language: english 2017/06/06 v3.3r English support from the babel system
Package babel Info: Hyphen rules for 'canadian' set to \l@english
(babel)             (\language0). Reported on input line 102.
Package babel Info: Hyphen rules for 'australian' set to \l@ukenglish
(babel)             (\language73). Reported on input line 105.
Package babel Info: Hyphen rules for 'newzealand' set to \l@ukenglish
(babel)             (\language73). Reported on input line 108.
))
(C:\Users\besnn\scoop\apps\latex\current\texmfs\install\tex/generic/babel/local
e/en\babel-english.tex
Package babel Info: Importing font and identification data for english
(babel)             from babel-en.ini. Reported on input line 11.
)
(C:\Users\besnn\scoop\apps\latex\current\texmfs\install\tex/latex/lipsum\lipsum
.sty
(C:\Users\besnn\scoop\apps\latex\current\texmfs\install\tex/latex/l3packages/l3
keys2e\l3keys2e.sty
(C:\Users\besnn\scoop\apps\latex\current\texmfs\install\tex/latex/l3kernel\expl
3.sty
Package: expl3 2023-03-30 L3 programming layer (loader) 

(C:\Users\besnn\scoop\apps\latex\current\texmfs\install\tex/latex/l3backend\l3b
ackend-pdftex.def
File: l3backend-pdftex.def 2023-03-30 L3 backend support: PDF output (pdfTeX)
\l__color_backend_stack_int=\count300
\l__pdf_internal_box=\box58
))
Package: l3keys2e 2023-02-02 LaTeX2e option processing using LaTeX3 keys
)
Package: lipsum 2021-09-20 v2.7 150 paragraphs of Lorem Ipsum dummy text
\g__lipsum_par_int=\count301
\l__lipsum_a_int=\count302
\l__lipsum_b_int=\count303

(C:\Users\besnn\scoop\apps\latex\current\texmfs\install\tex/latex/lipsum\lipsum
.ltd.tex))
(C:\Users\besnn\scoop\apps\latex\current\texmfs\install\tex/latex/hyperref\hype
rref.sty
Package: hyperref 2023-02-07 v7.00v Hypertext links for LaTeX

(C:\Users\besnn\scoop\apps\latex\current\texmfs\install\tex/generic/ltxcmds\ltx
cmds.sty
Package: ltxcmds 2020-05-10 v1.25 LaTeX kernel commands for general use (HO)
)
(C:\Users\besnn\scoop\apps\latex\current\texmfs\install\tex/generic/pdftexcmds\
pdftexcmds.sty
Package: pdftexcmds 2020-06-27 v0.33 Utility functions of pdfTeX for LuaTeX (HO
)

(C:\Users\besnn\scoop\apps\latex\current\texmfs\install\tex/generic/infwarerr\i
nfwarerr.sty
Package: infwarerr 2019/12/03 v1.5 Providing info/warning/error messages (HO)
)
Package pdftexcmds Info: \pdf@primitive is available.
Package pdftexcmds Info: \pdf@ifprimitive is available.
Package pdftexcmds Info: \pdfdraftmode found.
)
(C:\Users\besnn\scoop\apps\latex\current\texmfs\install\tex/latex/kvsetkeys\kvs
etkeys.sty
Package: kvsetkeys 2022-10-05 v1.19 Key value parser (HO)
)
(C:\Users\besnn\scoop\apps\latex\current\texmfs\install\tex/generic/kvdefinekey
s\kvdefinekeys.sty
Package: kvdefinekeys 2019-12-19 v1.6 Define keys (HO)
)
(C:\Users\besnn\scoop\apps\latex\current\texmfs\install\tex/generic/pdfescape\p
dfescape.sty
Package: pdfescape 2019/12/09 v1.15 Implements pdfTeX's escape features (HO)
)
(C:\Users\besnn\scoop\apps\latex\current\texmfs\install\tex/latex/hycolor\hycol
or.sty
Package: hycolor 2020-01-27 v1.10 Color options for hyperref/bookmark (HO)
)
(C:\Users\besnn\scoop\apps\latex\current\texmfs\install\tex/latex/letltxmacro\l
etltxmacro.sty
Package: letltxmacro 2019/12/03 v1.6 Let assignment for LaTeX macros (HO)
)
(C:\Users\besnn\scoop\apps\latex\current\texmfs\install\tex/latex/auxhook\auxho
ok.sty
Package: auxhook 2019-12-17 v1.6 Hooks for auxiliary files (HO)
)
(C:\Users\besnn\scoop\apps\latex\current\texmfs\install\tex/latex/hyperref\name
ref.sty
Package: nameref 2022-05-17 v2.50 Cross-referencing by name of section

(C:\Users\besnn\scoop\apps\latex\current\texmfs\install\tex/latex/refcount\refc
ount.sty
Package: refcount 2019/12/15 v3.6 Data extraction from label references (HO)
)
(C:\Users\besnn\scoop\apps\latex\current\texmfs\install\tex/generic/gettitlestr
ing\gettitlestring.sty
Package: gettitlestring 2019/12/15 v1.6 Cleanup title references (HO)

(C:\Users\besnn\scoop\apps\latex\current\texmfs\install\tex/latex/kvoptions\kvo
ptions.sty
Package: kvoptions 2022-06-15 v3.15 Key value format for package options (HO)
))
\c@section@level=\count304
)
\@linkdim=\dimen196
\Hy@linkcounter=\count305
\Hy@pagecounter=\count306

(C:\Users\besnn\scoop\apps\latex\current\texmfs\install\tex/latex/hyperref\pd1e
nc.def
File: pd1enc.def 2023-02-07 v7.00v Hyperref: PDFDocEncoding definition (HO)
Now handling font encoding PD1 ...
... no UTF-8 mapping file for font encoding PD1
)
(C:\Users\besnn\scoop\apps\latex\current\texmfs\install\tex/generic/intcalc\int
calc.sty
Package: intcalc 2019/12/15 v1.3 Expandable calculations with integers (HO)
)
(C:\Users\besnn\scoop\apps\latex\current\texmfs\install\tex/generic/etexcmds\et
excmds.sty
Package: etexcmds 2019/12/15 v1.7 Avoid name clashes with e-TeX commands (HO)
)
\Hy@SavedSpaceFactor=\count307

(C:\Users\besnn\scoop\apps\latex\current\texmfs\install\tex/latex/hyperref\puen
c.def
File: puenc.def 2023-02-07 v7.00v Hyperref: PDF Unicode definition (HO)
Now handling font encoding PU ...
... no UTF-8 mapping file for font encoding PU
)
Package hyperref Info: Hyper figures OFF on input line 4177.
Package hyperref Info: Link nesting OFF on input line 4182.
Package hyperref Info: Hyper index ON on input line 4185.
Package hyperref Info: Plain pages OFF on input line 4192.
Package hyperref Info: Backreferencing OFF on input line 4197.
Package hyperref Info: Implicit mode ON; LaTeX internals redefined.
Package hyperref Info: Bookmarks ON on input line 4425.
\c@Hy@tempcnt=\count308

(C:\Users\besnn\scoop\apps\latex\current\texmfs\install\tex/latex/url\url.sty
\Urlmuskip=\muskip17
Package: url 2013/09/16  ver 3.4  Verb mode for urls, etc.
)
LaTeX Info: Redefining \url on input line 4763.
\XeTeXLinkMargin=\dimen197

(C:\Users\besnn\scoop\apps\latex\current\texmfs\install\tex/generic/bitset\bits
et.sty
Package: bitset 2019/12/09 v1.3 Handle bit-vector datatype (HO)

(C:\Users\besnn\scoop\apps\latex\current\texmfs\install\tex/generic/bigintcalc\
bigintcalc.sty
Package: bigintcalc 2019/12/15 v1.5 Expandable calculations on big integers (HO
)
))
\Fld@menulength=\count309
\Field@Width=\dimen198
\Fld@charsize=\dimen199
Package hyperref Info: Hyper figures OFF on input line 6042.
Package hyperref Info: Link nesting OFF on input line 6047.
Package hyperref Info: Hyper index ON on input line 6050.
Package hyperref Info: backreferencing OFF on input line 6057.
Package hyperref Info: Link coloring OFF on input line 6062.
Package hyperref Info: Link coloring with OCG OFF on input line 6067.
Package hyperref Info: PDF/A mode OFF on input line 6072.

(C:\Users\besnn\scoop\apps\latex\current\texmfs\install\tex/latex/base\atbegshi
-ltx.sty
Package: atbegshi-ltx 2021/01/10 v1.0c Emulation of the original atbegshi
package with kernel methods
)
\Hy@abspage=\count310
\c@Item=\count311
\c@Hfootnote=\count312
)
Package hyperref Info: Driver (autodetected): hpdftex.

(C:\Users\besnn\scoop\apps\latex\current\texmfs\install\tex/latex/hyperref\hpdf
tex.def
File: hpdftex.def 2023-02-07 v7.00v Hyperref driver for pdfTeX

(C:\Users\besnn\scoop\apps\latex\current\texmfs\install\tex/latex/base\atveryen
d-ltx.sty
Package: atveryend-ltx 2020/08/19 v1.0a Emulation of the original atveryend pac
kage
with kernel methods
)
\Fld@listcount=\count313
\c@bookmark@seq@number=\count314

(C:\Users\besnn\scoop\apps\latex\current\texmfs\install\tex/latex/rerunfilechec
k\rerunfilecheck.sty
Package: rerunfilecheck 2022-07-10 v1.10 Rerun checks for auxiliary files (HO)

(C:\Users\besnn\scoop\apps\latex\current\texmfs\install\tex/generic/uniquecount
er\uniquecounter.sty
Package: uniquecounter 2019/12/15 v1.4 Provide unlimited unique counter (HO)
)
Package uniquecounter Info: New unique counter `rerunfilecheck' on input line 2
85.
)
\Hy@SectionHShift=\skip71
)
Package hyperref Info: Option `colorlinks' set `true' on input line 71.
Package hyperref Info: Option `breaklinks' set `true' on input line 71.
Package hyperref Info: Option `bookmarksopen' set `false' on input line 71.
LaTeX Font Info:    Trying to load font information for OT1+ptm on input line 1
00.

(C:\Users\besnn\scoop\apps\latex\current\texmfs\install\tex/latex/psnfss\ot1ptm
.fd
File: ot1ptm.fd 2001/06/04 font definitions for OT1/ptm.
) (article_3.aux)
\openout1 = `article_3.aux'.

LaTeX Font Info:    Checking defaults for OML/cmm/m/it on input line 100.
LaTeX Font Info:    ... okay on input line 100.
LaTeX Font Info:    Checking defaults for OMS/cmsy/m/n on input line 100.
LaTeX Font Info:    ... okay on input line 100.
LaTeX Font Info:    Checking defaults for OT1/cmr/m/n on input line 100.
LaTeX Font Info:    ... okay on input line 100.
LaTeX Font Info:    Checking defaults for T1/cmr/m/n on input line 100.
LaTeX Font Info:    ... okay on input line 100.
LaTeX Font Info:    Checking defaults for TS1/cmr/m/n on input line 100.
LaTeX Font Info:    ... okay on input line 100.
LaTeX Font Info:    Checking defaults for OMX/cmex/m/n on input line 100.
LaTeX Font Info:    ... okay on input line 100.
LaTeX Font Info:    Checking defaults for U/cmr/m/n on input line 100.
LaTeX Font Info:    ... okay on input line 100.
LaTeX Font Info:    Checking defaults for PD1/pdf/m/n on input line 100.
LaTeX Font Info:    ... okay on input line 100.
LaTeX Font Info:    Checking defaults for PU/pdf/m/n on input line 100.
LaTeX Font Info:    ... okay on input line 100.

(C:\Users\besnn\scoop\apps\latex\current\texmfs\install\tex/context/base/mkii\s
upp-pdf.mkii
[Loading MPS to PDF converter (version 2006.09.02).]
\scratchcounter=\count315
\scratchdimen=\dimen256
\scratchbox=\box59
\nofMPsegments=\count316
\nofMParguments=\count317
\everyMPshowfont=\toks30
\MPscratchCnt=\count318
\MPscratchDim=\dimen257
\MPnumerator=\count319
\makeMPintoPDFobject=\count320
\everyMPtoPDFconversion=\toks31
)
(C:\Users\besnn\scoop\apps\latex\current\texmfs\install\tex/latex/epstopdf-pkg\
epstopdf-base.sty
Package: epstopdf-base 2020-01-24 v2.11 Base part for package epstopdf
Package epstopdf-base Info: Redefining graphics rule for `.eps' on input line 4
85.

(C:\Users\besnn\scoop\apps\latex\current\texmfs\install\tex/latex/00miktex\epst
opdf-sys.cfg
File: epstopdf-sys.cfg 2021/03/18 v2.0 Configuration of epstopdf for MiKTeX
))
*geometry* driver: auto-detecting
*geometry* detected driver: pdftex
*geometry* verbose mode - [ preamble ] result:
* driver: pdftex
* paper: letterpaper
* layout: <same size as paper>
* layoutoffset:(h,v)=(0.0pt,0.0pt)
* modes: 
* h-part:(L,W,R)=(56.9055pt, 500.484pt, 56.9055pt)
* v-part:(T,H,B)=(64.01869pt, 666.9326pt, 64.01869pt)
* \paperwidth=614.295pt
* \paperheight=794.96999pt
* \textwidth=500.484pt
* \textheight=666.9326pt
* \oddsidemargin=-15.36449pt
* \evensidemargin=-15.36449pt
* \topmargin=-44.2513pt
* \headheight=11.0pt
* \headsep=25.0pt
* \topskip=10.0pt
* \footskip=30.0pt
* \marginparwidth=65.0pt
* \marginparsep=11.0pt
* \columnsep=15.6491pt
* \skip\footins=9.0pt plus 4.0pt minus 2.0pt
* \hoffset=0.0pt
* \voffset=0.0pt
* \mag=1000
* \@twocolumnfalse
* \@twosidefalse
* \@mparswitchfalse
* \@reversemarginfalse
* (1in=72.27pt=25.4mm, 1cm=28.453pt)

Package caption Info: Begin \AtBeginDocument code.
Package caption Info: hyperref package is loaded.
Package caption Info: listings package is loaded.
Package caption Info: End \AtBeginDocument code.
LaTeX Info: Redefining \microtypecontext on input line 100.
Package microtype Info: Applying patch `item' on input line 100.
Package microtype Info: Applying patch `toc' on input line 100.
Package microtype Info: Applying patch `eqnum' on input line 100.
Package microtype Info: Applying patch `footnote' on input line 100.
Package microtype Info: Applying patch `verbatim' on input line 100.
Package microtype Info: Generating PDF output.
Package microtype Info: Character protrusion enabled (level 2).
Package microtype Info: Using default protrusion set `alltext'.
Package microtype Info: Automatic font expansion enabled (level 2),
(microtype)             stretch: 20, shrink: 20, step: 1, non-selected.
Package microtype Info: Using default expansion set `alltext-nott'.
LaTeX Info: Redefining \showhyphens on input line 100.
Package microtype Info: No adjustment of tracking.
Package microtype Info: No adjustment of interword spacing.
Package microtype Info: No adjustment of character kerning.

(C:\Users\besnn\scoop\apps\latex\current\texmfs\install\tex/latex/microtype\mt-
ptm.cfg
File: mt-ptm.cfg 2006/04/20 v1.7 microtype config. file: Times (RS)
)
\c@lstlisting=\count321
Package hyperref Info: Link coloring ON on input line 100.
 (article_3.out) (article_3.out)
\@outlinefile=\write3
\openout3 = `article_3.out'.

LaTeX Font Info:    Trying to load font information for OT1+phv on input line 1
03.

(C:\Users\besnn\scoop\apps\latex\current\texmfs\install\tex/latex/psnfss\ot1phv
.fd
File: ot1phv.fd 2020/03/25 scalable font definitions for OT1/phv.
)
Package microtype Info: Loading generic protrusion settings for font family
(microtype)             `phv' (encoding: OT1).
(microtype)             For optimal results, create family-specific settings.
(microtype)             See the microtype manual for details.
LaTeX Font Info:    Trying to load font information for OT1+ztmcm on input line
 103.

(C:\Users\besnn\scoop\apps\latex\current\texmfs\install\tex/latex/psnfss\ot1ztm
cm.fd
File: ot1ztmcm.fd 2000/01/03 Fontinst v1.801 font definitions for OT1/ztmcm.
)
Package microtype Info: Loading generic protrusion settings for font family
(microtype)             `ztmcm' (encoding: OT1).
(microtype)             For optimal results, create family-specific settings.
(microtype)             See the microtype manual for details.
LaTeX Font Info:    Trying to load font information for OML+ztmcm on input line
 103.

(C:\Users\besnn\scoop\apps\latex\current\texmfs\install\tex/latex/psnfss\omlztm
cm.fd
File: omlztmcm.fd 2000/01/03 Fontinst v1.801 font definitions for OML/ztmcm.
)
LaTeX Font Info:    Trying to load font information for OMS+ztmcm on input line
 103.

(C:\Users\besnn\scoop\apps\latex\current\texmfs\install\tex/latex/psnfss\omsztm
cm.fd
File: omsztmcm.fd 2000/01/03 Fontinst v1.801 font definitions for OMS/ztmcm.
)
LaTeX Font Info:    Trying to load font information for OMX+ztmcm on input line
 103.

(C:\Users\besnn\scoop\apps\latex\current\texmfs\install\tex/latex/psnfss\omxztm
cm.fd
File: omxztmcm.fd 2000/01/03 Fontinst v1.801 font definitions for OMX/ztmcm.
)
(C:\Users\besnn\scoop\apps\latex\current\texmfs\install\tex/latex/microtype\mt-
msa.cfg
File: mt-msa.cfg 2006/02/04 v1.1 microtype config. file: AMS symbols (a) (RS)
)
(C:\Users\besnn\scoop\apps\latex\current\texmfs\install\tex/latex/microtype\mt-
msb.cfg
File: mt-msb.cfg 2005/06/01 v1.0 microtype config. file: AMS symbols (b) (RS)
)
LaTeX Font Info:    Font shape `OT1/ptm/bx/n' in size <10> not available
(Font)              Font shape `OT1/ptm/b/n' tried instead on input line 103.
LaTeX Font Info:    Font shape `OT1/ptm/bx/n' in size <7.4> not available
(Font)              Font shape `OT1/ptm/b/n' tried instead on input line 103.
LaTeX Font Info:    Font shape `OT1/ptm/bx/n' in size <6> not available
(Font)              Font shape `OT1/ptm/b/n' tried instead on input line 103.
LaTeX Font Info:    Font shape `OT1/ptm/bx/n' in size <12> not available
(Font)              Font shape `OT1/ptm/b/n' tried instead on input line 104.
LaTeX Font Info:    Font shape `OT1/ptm/bx/n' in size <9> not available
(Font)              Font shape `OT1/ptm/b/n' tried instead on input line 104.
LaTeX Font Info:    Font shape `OT1/ptm/bx/n' in size <7> not available
(Font)              Font shape `OT1/ptm/b/n' tried instead on input line 104.
 (article_3.toc
LaTeX Font Info:    Trying to load font information for TS1+phv on input line 6
.

(C:\Users\besnn\scoop\apps\latex\current\texmfs\install\tex/latex/psnfss\ts1phv
.fd
File: ts1phv.fd 2020/03/25 scalable font definitions for TS1/phv.
)
Package microtype Info: Loading generic protrusion settings for font family
(microtype)             `phv' (encoding: TS1).
(microtype)             For optimal results, create family-specific settings.
(microtype)             See the microtype manual for details.
)
\tf@toc=\write4
\openout4 = `article_3.toc'.

LaTeX Font Info:    Trying to load font information for OT1+pcr on input line 1
44.

(C:\Users\besnn\scoop\apps\latex\current\texmfs\install\tex/latex/psnfss\ot1pcr
.fd
File: ot1pcr.fd 2001/06/04 font definitions for OT1/pcr.
)
Package microtype Info: Loading generic protrusion settings for font family
(microtype)             `pcr' (encoding: OT1).
(microtype)             For optimal results, create family-specific settings.
(microtype)             See the microtype manual for details.
 [1{C:/Users/besnn/scoop/apps/latex/current/texmfs/data/fonts/map/pdftex/pdftex
.map}{C:/Users/besnn/scoop/apps/latex/current/texmfs/install/fonts/enc/dvips/ba
se/8r.enc}


]
LaTeX Font Info:    Trying to load font information for TS1+ptm on input line 1
59.

(C:\Users\besnn\scoop\apps\latex\current\texmfs\install\tex/latex/psnfss\ts1ptm
.fd
File: ts1ptm.fd 2001/06/04 font definitions for TS1/ptm.
)
Overfull \hbox (15.58517pt too wide) in paragraph at lines 181--182
[][][][][][][] 
 []


Overfull \hbox (5.41388pt too wide) in paragraph at lines 186--187
\OT1/pcr/m/n/10 preferLeft \OT1/ptm/m/n/10 (-20) and a few more lines in the lo
gic of the \OT1/pcr/m/n/10 insert
 []


Overfull \hbox (15.31001pt too wide) in paragraph at lines 186--187
\OT1/ptm/m/n/10 (-20) method. For each suc-cess-ful in-ser-tion, the value of \
OT1/pcr/m/n/10 preferLeft
 []

[2]
Overfull \hbox (15.58517pt too wide) in paragraph at lines 233--234
[][][][][][][][] 
 []


Overfull \hbox (15.58517pt too wide) in paragraph at lines 235--237
[][][][][][][][] 
 []

<Figures/0.01_plot.png, id=177, 481.8pt x 361.35pt>
File: Figures/0.01_plot.png Graphic file (type png)
<use Figures/0.01_plot.png>
Package pdftex.def Info: Figures/0.01_plot.png  used on input line 290.
(pdftex.def)             Requested size: 242.41745pt x 181.81038pt.
<Figures/0.05_plot.png, id=178, 481.8pt x 361.35pt>
File: Figures/0.05_plot.png Graphic file (type png)
<use Figures/0.05_plot.png>
Package pdftex.def Info: Figures/0.05_plot.png  used on input line 304.
(pdftex.def)             Requested size: 242.41745pt x 181.81038pt.
[3 <./Figures/0.01_plot.png>]
<Figures/0.1_plot.png, id=223, 481.8pt x 361.35pt>
File: Figures/0.1_plot.png Graphic file (type png)
<use Figures/0.1_plot.png>
Package pdftex.def Info: Figures/0.1_plot.png  used on input line 315.
(pdftex.def)             Requested size: 242.41745pt x 181.81038pt.
<Figures/0.5_plot.png, id=224, 481.8pt x 361.35pt>
File: Figures/0.5_plot.png Graphic file (type png)
<use Figures/0.5_plot.png>
Package pdftex.def Info: Figures/0.5_plot.png  used on input line 324.
(pdftex.def)             Requested size: 242.41745pt x 181.81038pt.
<Figures/1_plot.png, id=225, 481.8pt x 361.35pt>
File: Figures/1_plot.png Graphic file (type png)
<use Figures/1_plot.png>
Package pdftex.def Info: Figures/1_plot.png  used on input line 332.
(pdftex.def)             Requested size: 242.41745pt x 181.81038pt.
 [4 <./Figures/0.05_plot.png> <./Figures/0.1_plot.png> <./Figures/0.5_plot.png>
 <./Figures/1_plot.png>]
<Figures/5_plot.png, id=239, 481.8pt x 361.35pt>
File: Figures/5_plot.png Graphic file (type png)
<use Figures/5_plot.png>
Package pdftex.def Info: Figures/5_plot.png  used on input line 348.
(pdftex.def)             Requested size: 242.41745pt x 181.81038pt.
<Figures/10_plot.png, id=240, 481.8pt x 361.35pt>
File: Figures/10_plot.png Graphic file (type png)
<use Figures/10_plot.png>
Package pdftex.def Info: Figures/10_plot.png  used on input line 355.
(pdftex.def)             Requested size: 242.41745pt x 181.81038pt.

Overfull \hbox (7.83232pt too wide) in paragraph at lines 367--368
[]\OT1/ptm/m/n/10 (-20) the al-ter-nat-ing BST is some-where in the be-tween: w
hether
 []

[5 <./Figures/5_plot.png> <./Figures/10_plot.png>]
<Figures//interactions.png, id=250, 442.65375pt x 914.41624pt>
File: Figures//interactions.png Graphic file (type png)
<use Figures//interactions.png>
Package pdftex.def Info: Figures//interactions.png  used on input line 377.
(pdftex.def)             Requested size: 242.41745pt x 500.78175pt.

Underfull \vbox (badness 6268) has occurred while \output is active []

 [6

 <./Figures//interactions.png>] [7]

enddocument/afterlastpage: lastpage setting LastPage.
(article_3.aux)
Package rerunfilecheck Info: File `article_3.out' has not changed.
(rerunfilecheck)             Checksum: 4672B0DA53732C37BB9E9A7086F378DE;4144.
 ) 
Here is how much of TeX's memory you used:
 19004 strings out of 476331
 311038 string characters out of 5783027
 1895660 words of memory out of 5000000
 38793 multiletter control sequences out of 15000+600000
 561811 words of font info for 267 fonts, out of 8000000 for 9000
 1141 hyphenation exceptions out of 8191
 75i,12n,77p,1008b,1525s stack positions out of 10000i,1000n,20000p,200000b,200000s
<C:/Users/besnn/scoop/apps/latex/current/texmfs/install/fonts/type1/public/am
sfonts/cm/cmmi10.pfb><C:/Users/besnn/scoop/apps/latex/current/texmfs/install/fo
nts/type1/public/amsfonts/cm/cmr10.pfb><C:/Users/besnn/scoop/apps/latex/current
/texmfs/install/fonts/type1/public/amsfonts/cm/cmsy10.pfb><C:/Users/besnn/scoop
/apps/latex/current/texmfs/install/fonts/type1/urw/courier/ucrr8a.pfb><C:/Users
/besnn/scoop/apps/latex/current/texmfs/install/fonts/type1/urw/helvetic/uhvb8a.
pfb><C:/Users/besnn/scoop/apps/latex/current/texmfs/install/fonts/type1/urw/hel
vetic/uhvr8a.pfb><C:/Users/besnn/scoop/apps/latex/current/texmfs/install/fonts/
type1/urw/times/utmr8a.pfb><C:/Users/besnn/scoop/apps/latex/current/texmfs/inst
all/fonts/type1/urw/times/utmri8a.pfb>
Output written on article_3.pdf (7 pages, 229594 bytes).
PDF statistics:
 320 PDF objects out of 1000 (max. 8388607)
 87 named destinations out of 1000 (max. 500000)
 78569 words of extra memory for PDF output out of 89155 (max. 10000000)

